#
# There is insufficient memory for the Java Runtime Environment to continue.
# Native memory allocation (malloc) failed to allocate 1048576 bytes. Error detail: AllocateHeap
# Possible reasons:
#   The system is out of physical RAM or swap space
#   This process is running with CompressedOops enabled, and the Java Heap may be blocking the growth of the native heap
# Possible solutions:
#   Reduce memory load on the system
#   Increase physical memory or swap space
#   Check if swap backing store is full
#   Decrease Java heap size (-Xmx/-Xms)
#   Decrease number of Java threads
#   Decrease Java thread stack sizes (-Xss)
#   Set larger code cache with -XX:ReservedCodeCacheSize=
#   JVM is running with Unscaled Compressed Oops mode in which the Java heap is
#     placed in the first 4GB address space. The Java Heap base address is the
#     maximum limit for the native heap growth. Please use -XX:HeapBaseMinAddress
#     to set the Java Heap base and to place the Java Heap above 4GB virtual address.
# This output file may be truncated or incomplete.
#
#  Out of Memory Error (allocation.cpp:44), pid=15528, tid=14440
#
# JRE version:  (24.0.2+12) (build )
# Java VM: OpenJDK 64-Bit Server VM (24.0.2+12, mixed mode, sharing, tiered, compressed oops, compressed class ptrs, g1 gc, windows-amd64)
# No core dump will be written. Minidumps are not enabled by default on client versions of Windows
#

---------------  S U M M A R Y ------------

Command Line: -Dapplication.home=E:\Apache NetBeans\jdk --add-modules=ALL-DEFAULT -Xms8m -Djdk.module.main=jdk.compiler jdk.compiler/com.sun.tools.javac.Main -d C:\Users\haidy\OneDrive\Documents\NetBeansProjects\Bank_Managment_System\build\classes -classpath C:\Users\haidy\OneDrive\Documents\NetBeansProjects\Bank_Managment_System\build\classes;C:\Users\haidy\Downloads\jcalendar-0.8.1.zip;C:\Users\haidy\Downloads\jcalendar-0.8.1\jcalendar-0.8.1.jar -sourcepath C:\Users\haidy\OneDrive\Documents\NetBeansProjects\Bank_Managment_System\src -target 21 -encoding UTF-8 -g -processorpath C:\Users\haidy\Downloads\jcalendar-0.8.1.zip;C:\Users\haidy\Downloads\jcalendar-0.8.1\jcalendar-0.8.1.jar;C:\Users\haidy\OneDrive\Documents\NetBeansProjects\Bank_Managment_System\build\empty -s C:\Users\haidy\OneDrive\Documents\NetBeansProjects\Bank_Managment_System\build\generated-sources\ap-source-output -source 21 C:\Users\haidy\OneDrive\Documents\NetBeansProjects\Bank_Managment_System\src\signinpage3.java

Host: 13th Gen Intel(R) Core(TM) i7-1355U, 12 cores, 15G,  Windows 11 , 64 bit Build 22621 (10.0.22621.3958)
Time: Thu Nov 27 16:16:36 2025 Egypt Standard Time elapsed time: 0.011619 seconds (0d 0h 0m 0s)

---------------  T H R E A D  ---------------

Current thread (0x000001b443d32b90):  JavaThread "Unknown thread" [_thread_in_vm, id=14440, stack(0x00000061b4700000,0x00000061b4800000) (1024K)]

Stack: [0x00000061b4700000,0x00000061b4800000]
Native frames: (J=compiled Java code, j=interpreted, Vv=VM code, C=native code)
V  [jvm.dll+0x741329]  (no source info available)
V  [jvm.dll+0x97e243]  (no source info available)
V  [jvm.dll+0x98056d]  (no source info available)
V  [jvm.dll+0x980be3]  (no source info available)
V  [jvm.dll+0x2b5a76]  (no source info available)
V  [jvm.dll+0xbf4e7]  (no source info available)
V  [jvm.dll+0x367d08]  (no source info available)
V  [jvm.dll+0x9409b3]  (no source info available)
V  [jvm.dll+0x40786d]  (no source info available)
V  [jvm.dll+0x928e6e]  (no source info available)
V  [jvm.dll+0x4a2d0e]  (no source info available)
V  [jvm.dll+0x4a4c41]  (no source info available)
C  [jli.dll+0x52a1]  (no source info available)
C  [ucrtbase.dll+0x29333]  (no source info available)
C  [KERNEL32.DLL+0x1257d]  (no source info available)
C  [ntdll.dll+0x5af08]  (no source info available)

Lock stack of current Java thread (top to bottom):


---------------  P R O C E S S  ---------------

Threads class SMR info:
_java_thread_list=0x00007ffa5870bf58, length=0, elements={
}

Java Threads: ( => current thread )
Total: 0

Other Threads:

=>0x000001b443d32b90 (exited) JavaThread "Unknown thread"    [_thread_in_vm, id=14440, stack(0x00000061b4700000,0x00000061b4800000) (1024K)]
Total: 1

Threads with active compile tasks:
Total: 0

VM state: not at safepoint (not fully initialized)

VM Mutex/Monitor currently owned by a thread: None

Heap address: 0x0000000000000000, size: 0 MB, Compressed Oops mode: 32-bit

CDS archive(s) mapped at: [0x0000000000000000-0x0000000000000000-0x0000000000000000), size 0, SharedBaseAddress: 0x0000000800000000, ArchiveRelocationMode: 1.
UseCompressedClassPointers 1, UseCompactObjectHeaders 0
Narrow klass pointer bits 32, Max shift 3
Narrow klass base: 0xffffffffffffffff, Narrow klass shift: -1
Encoding Range: [0xffffffffffffffff - 0x000000007fffffff), (2147483648 bytes)
Klass Range:    [0x0000000000000000 - 0x0000000000000000), (0 bytes)
Klass ID Range:  [4294967295 - 0) (1)

GC Precious Log:
 CardTable entry size: 512
 Card Set container configuration: InlinePtr #cards 4 size 8 Array Of Cards #cards 16 size 48 Howl #buckets 8 coarsen threshold 3686 Howl Bitmap #cards 512 size 80 coarsen threshold 460 Card regions per heap region 1 cards per card region 4096

GC Heap History (0 events):
No events

Dll operation events (1 events):
Event: 0.008 Loaded shared library E:\Apache NetBeans\jdk\bin\java.dll

Deoptimization events (0 events):
No events

Classes loaded (0 events):
No events

Classes unloaded (0 events):
No events

Classes redefined (0 events):
No events

Internal exceptions (0 events):
No events

VM Operations (0 events):
No events

Memory protections (0 events):
No events

Nmethod flushes (0 events):
No events

Events (0 events):
No events


Dynamic libraries:
0x00007ff67e770000 - 0x00007ff67e778000 	E:\Apache NetBeans\jdk\bin\javac.exe
0x00007ffaf5d10000 - 0x00007ffaf5f27000 	C:\windows\SYSTEM32\ntdll.dll
0x00007ffaf5a40000 - 0x00007ffaf5b04000 	C:\windows\System32\KERNEL32.DLL
0x00007ffaf3160000 - 0x00007ffaf3517000 	C:\windows\System32\KERNELBASE.dll
0x00007ffaf3920000 - 0x00007ffaf3a31000 	C:\windows\System32\ucrtbase.dll
0x00007ffa7dce0000 - 0x00007ffa7dcf6000 	E:\Apache NetBeans\jdk\bin\jli.dll
0x00007ffaf3eb0000 - 0x00007ffaf405f000 	C:\windows\System32\USER32.dll
0x00007ffaf3830000 - 0x00007ffaf3856000 	C:\windows\System32\win32u.dll
0x00007ffaf4160000 - 0x00007ffaf4189000 	C:\windows\System32\GDI32.dll
0x00007ffaf3520000 - 0x00007ffaf3638000 	C:\windows\System32\gdi32full.dll
0x00007ffaf3020000 - 0x00007ffaf30ba000 	C:\windows\System32\msvcp_win.dll
0x00007ffa7dd60000 - 0x00007ffa7dd7e000 	E:\Apache NetBeans\jdk\bin\VCRUNTIME140.dll
0x00007ffacf1e0000 - 0x00007ffacf473000 	C:\windows\WinSxS\amd64_microsoft.windows.common-controls_6595b64144ccf1df_6.0.22621.3672_none_2713b9d173822955\COMCTL32.dll
0x00007ffaf5020000 - 0x00007ffaf50c7000 	C:\windows\System32\msvcrt.dll
0x00007ffaf4110000 - 0x00007ffaf4141000 	C:\windows\System32\IMM32.DLL
0x00007ffae99c0000 - 0x00007ffae99cc000 	E:\Apache NetBeans\jdk\bin\vcruntime140_1.dll
0x00007ffa679c0000 - 0x00007ffa67a4d000 	E:\Apache NetBeans\jdk\bin\msvcp140.dll
0x00007ffa57a00000 - 0x00007ffa5887c000 	E:\Apache NetBeans\jdk\bin\server\jvm.dll
0x00007ffaf5550000 - 0x00007ffaf5602000 	C:\windows\System32\ADVAPI32.dll
0x00007ffaf56c0000 - 0x00007ffaf5768000 	C:\windows\System32\sechost.dll
0x00007ffaf3130000 - 0x00007ffaf3158000 	C:\windows\System32\bcrypt.dll
0x00007ffaf42c0000 - 0x00007ffaf43d4000 	C:\windows\System32\RPCRT4.dll
0x00007ffaf4240000 - 0x00007ffaf42b1000 	C:\windows\System32\WS2_32.dll
0x00007ffaf2e40000 - 0x00007ffaf2e8d000 	C:\windows\SYSTEM32\POWRPROF.dll
0x00007ffae8ad0000 - 0x00007ffae8b04000 	C:\windows\SYSTEM32\WINMM.dll
0x00007ffae3930000 - 0x00007ffae393a000 	C:\windows\SYSTEM32\VERSION.dll
0x00007ffaf2d20000 - 0x00007ffaf2d33000 	C:\windows\SYSTEM32\UMPDC.dll
0x00007ffaf1fd0000 - 0x00007ffaf1fe8000 	C:\windows\SYSTEM32\kernel.appcore.dll
0x00007ffae9770000 - 0x00007ffae977a000 	E:\Apache NetBeans\jdk\bin\jimage.dll
0x00007ffaf06a0000 - 0x00007ffaf08d2000 	C:\windows\SYSTEM32\DBGHELP.DLL
0x00007ffaf3a40000 - 0x00007ffaf3dce000 	C:\windows\System32\combase.dll
0x00007ffaf3dd0000 - 0x00007ffaf3ea7000 	C:\windows\System32\OLEAUT32.dll
0x00007ffacf5d0000 - 0x00007ffacf602000 	C:\windows\SYSTEM32\dbgcore.DLL
0x00007ffaf37b0000 - 0x00007ffaf382b000 	C:\windows\System32\bcryptPrimitives.dll
0x00007ffa7dd00000 - 0x00007ffa7dd1e000 	E:\Apache NetBeans\jdk\bin\java.dll
0x00007ffaf5790000 - 0x00007ffaf5935000 	C:\windows\System32\ole32.dll
0x00007ffaf45b0000 - 0x00007ffaf4e19000 	C:\windows\System32\SHELL32.dll

JVMTI agents: none

dbghelp: loaded successfully - version: 4.0.5 - missing functions: none
symbol engine: initialized successfully - sym options: 0x614 - pdb path: .;E:\Apache NetBeans\jdk\bin;C:\windows\SYSTEM32;C:\windows\WinSxS\amd64_microsoft.windows.common-controls_6595b64144ccf1df_6.0.22621.3672_none_2713b9d173822955;E:\Apache NetBeans\jdk\bin\server

VM Arguments:
jvm_args: -Dapplication.home=E:\Apache NetBeans\jdk --add-modules=ALL-DEFAULT -Xms8m -Djdk.module.main=jdk.compiler 
java_command: jdk.compiler/com.sun.tools.javac.Main -d C:\Users\haidy\OneDrive\Documents\NetBeansProjects\Bank_Managment_System\build\classes -classpath C:\Users\haidy\OneDrive\Documents\NetBeansProjects\Bank_Managment_System\build\classes;C:\Users\haidy\Downloads\jcalendar-0.8.1.zip;C:\Users\haidy\Downloads\jcalendar-0.8.1\jcalendar-0.8.1.jar -sourcepath C:\Users\haidy\OneDrive\Documents\NetBeansProjects\Bank_Managment_System\src -target 21 -encoding UTF-8 -g -processorpath C:\Users\haidy\Downloads\jcalendar-0.8.1.zip;C:\Users\haidy\Downloads\jcalendar-0.8.1\jcalendar-0.8.1.jar;C:\Users\haidy\OneDrive\Documents\NetBeansProjects\Bank_Managment_System\build\empty -s C:\Users\haidy\OneDrive\Documents\NetBeansProjects\Bank_Managment_System\build\generated-sources\ap-source-output -source 21 C:\Users\haidy\OneDrive\Documents\NetBeansProjects\Bank_Managment_System\src\signinpage3.java
java_class_path (initial): <not set>
Launcher Type: SUN_STANDARD

[Global flags]
     intx CICompilerCount                          = 4                                         {product} {ergonomic}
     uint ConcGCThreads                            = 3                                         {product} {ergonomic}
     uint G1ConcRefinementThreads                  = 10                                        {product} {ergonomic}
   size_t G1HeapRegionSize                         = 2097152                                   {product} {ergonomic}
   size_t InitialHeapSize                          = 8388608                                   {product} {command line}
   size_t MarkStackSize                            = 4194304                                   {product} {ergonomic}
   size_t MaxHeapSize                              = 4202692608                                {product} {ergonomic}
   size_t MinHeapDeltaBytes                        = 2097152                                   {product} {ergonomic}
   size_t MinHeapSize                              = 8388608                                   {product} {command line}
    uintx NonNMethodCodeHeapSize                   = 5832704                                {pd product} {ergonomic}
    uintx NonProfiledCodeHeapSize                  = 122945536                              {pd product} {ergonomic}
    uintx ProfiledCodeHeapSize                     = 122880000                              {pd product} {ergonomic}
    uintx ReservedCodeCacheSize                    = 251658240                              {pd product} {ergonomic}
     bool SegmentedCodeCache                       = true                                      {product} {ergonomic}
   size_t SoftMaxHeapSize                          = 4202692608                             {manageable} {ergonomic}
     bool UseCompressedOops                        = true                           {product lp64_product} {ergonomic}
     bool UseG1GC                                  = true                                      {product} {ergonomic}
     bool UseLargePagesIndividualAllocation        = false                                  {pd product} {ergonomic}

Logging:
Log output configuration:
 #0: stdout all=warning uptime,level,tags foldmultilines=false
 #1: stderr all=off uptime,level,tags foldmultilines=false

Environment Variables:
JAVA_HOME=C:\Program Files\Java\jdk-23
PATH=C:\Program Files\Common Files\Oracle\Java\javapath;C:\windows\system32;C:\windows;C:\windows\System32\Wbem;C:\windows\System32\WindowsPowerShell\v1.0\;C:\windows\System32\OpenSSH\;C:\Program Files\Microsoft SQL Server\150\Tools\Binn\;E:\Program Files\Java\jdk-23\bin;C:\Program Files\MySQL\MySQL Server 8.0\bin;C:\Program Files\MySQL\MySQL Shell 8.0\bin\;C:\Users\haidy\AppData\Local\Microsoft\WindowsApps;E:\flutter_windows_3.27.3-stable\flutter\bin;E:\Microsoft VS Code\bin;C:\Users\haidy\AppData\Local\GitHubDesktop\bin
USERNAME=haidy
OS=Windows_NT
PROCESSOR_IDENTIFIER=Intel64 Family 6 Model 186 Stepping 3, GenuineIntel
TMP=C:\Users\haidy\AppData\Local\Temp
TEMP=C:\Users\haidy\AppData\Local\Temp




Periodic native trim disabled

---------------  S Y S T E M  ---------------

OS:
 Windows 11 , 64 bit Build 22621 (10.0.22621.3958)
OS uptime: 5 days 18:45 hours
Hyper-V role detected

CPU: total 12 (initial active 12) (6 cores per cpu, 2 threads per core) family 6 model 186 stepping 3 microcode 0x4121, cx8, cmov, fxsr, ht, mmx, 3dnowpref, sse, sse2, sse3, ssse3, sse4.1, sse4.2, popcnt, lzcnt, tsc, tscinvbit, avx, avx2, aes, erms, clmul, bmi1, bmi2, adx, sha, fma, vzeroupper, clflush, clflushopt, clwb, hv, serialize, rdtscp, rdpid, fsrm, gfni, f16c, cet_ibt, cet_ss
Processor Information for processor 0
  Max Mhz: 1700, Current Mhz: 1700, Mhz Limit: 1700
Processor Information for processor 1
  Max Mhz: 1700, Current Mhz: 1700, Mhz Limit: 1700
Processor Information for processor 2
  Max Mhz: 1700, Current Mhz: 1700, Mhz Limit: 1700
Processor Information for processor 3
  Max Mhz: 1700, Current Mhz: 1700, Mhz Limit: 1700
Processor Information for processor 4
  Max Mhz: 1700, Current Mhz: 1200, Mhz Limit: 1190
Processor Information for processor 5
  Max Mhz: 1700, Current Mhz: 1200, Mhz Limit: 1190
Processor Information for processor 6
  Max Mhz: 1700, Current Mhz: 1200, Mhz Limit: 1190
Processor Information for processor 7
  Max Mhz: 1700, Current Mhz: 1200, Mhz Limit: 1190
Processor Information for processor 8
  Max Mhz: 1700, Current Mhz: 1200, Mhz Limit: 1190
Processor Information for processor 9
  Max Mhz: 1700, Current Mhz: 1200, Mhz Limit: 1190
Processor Information for processor 10
  Max Mhz: 1700, Current Mhz: 1200, Mhz Limit: 1190
Processor Information for processor 11
  Max Mhz: 1700, Current Mhz: 1200, Mhz Limit: 1190

Memory: 4k page, system-wide physical 16027M (6995M free)
TotalPageFile size 18075M (AvailPageFile size 5M)
current process WorkingSet (physical memory assigned to process): 11M, peak: 11M
current process commit charge ("private bytes"): 18M, peak: 19M

vm_info: OpenJDK 64-Bit Server VM (24.0.2+12) for windows-amd64 JRE (24.0.2+12) (Zulu24.32+13-CA), built on 2025-07-11T12:45:44Z with MS VC++ 17.1 (VS2022)

END.
