#
# There is insufficient memory for the Java Runtime Environment to continue.
# Native memory allocation (malloc) failed to allocate 1211408 bytes. Error detail: Chunk::new
# Possible reasons:
#   The system is out of physical RAM or swap space
#   This process is running with CompressedOops enabled, and the Java Heap may be blocking the growth of the native heap
# Possible solutions:
#   Reduce memory load on the system
#   Increase physical memory or swap space
#   Check if swap backing store is full
#   Decrease Java heap size (-Xmx/-Xms)
#   Decrease number of Java threads
#   Decrease Java thread stack sizes (-Xss)
#   Set larger code cache with -XX:ReservedCodeCacheSize=
#   JVM is running with Zero Based Compressed Oops mode in which the Java heap is
#     placed in the first 32GB address space. The Java Heap base address is the
#     maximum limit for the native heap growth. Please use -XX:HeapBaseMinAddress
#     to set the Java Heap base and to place the Java Heap above 32GB virtual address.
# This output file may be truncated or incomplete.
#
#  Out of Memory Error (arena.cpp:162), pid=12124, tid=6580
#
# JRE version: OpenJDK Runtime Environment Zulu24.32+13-CA (24.0.2+12) (build 24.0.2+12)
# Java VM: OpenJDK 64-Bit Server VM Zulu24.32+13-CA (24.0.2+12, mixed mode, sharing, tiered, compressed oops, compressed class ptrs, g1 gc, windows-amd64)
# No core dump will be written. Minidumps are not enabled by default on client versions of Windows
#

---------------  S U M M A R Y ------------

Command Line: -Dapplication.home=E:\Apache NetBeans\jdk --add-modules=ALL-DEFAULT -Xms8m -Djdk.module.main=jdk.compiler jdk.compiler/com.sun.tools.javac.Main -d C:\Users\haidy\OneDrive\Documents\NetBeansProjects\Bank_Managment_System\build\classes -classpath C:\Users\haidy\OneDrive\Documents\NetBeansProjects\Bank_Managment_System\build\classes;C:\Users\haidy\Downloads\jcalendar-0.8.1.zip;C:\Users\haidy\Downloads\jcalendar-0.8.1\jcalendar-0.8.1.jar -sourcepath C:\Users\haidy\OneDrive\Documents\NetBeansProjects\Bank_Managment_System\src -target 21 -encoding UTF-8 -g -processorpath C:\Users\haidy\Downloads\jcalendar-0.8.1.zip;C:\Users\haidy\Downloads\jcalendar-0.8.1\jcalendar-0.8.1.jar;C:\Users\haidy\OneDrive\Documents\NetBeansProjects\Bank_Managment_System\build\empty -s C:\Users\haidy\OneDrive\Documents\NetBeansProjects\Bank_Managment_System\build\generated-sources\ap-source-output -source 21 C:\Users\haidy\OneDrive\Documents\NetBeansProjects\Bank_Managment_System\src\signinpage3.java

Host: 13th Gen Intel(R) Core(TM) i7-1355U, 12 cores, 15G,  Windows 11 , 64 bit Build 22621 (10.0.22621.3958)
Time: Thu Nov 27 16:22:36 2025 Egypt Standard Time elapsed time: 0.750401 seconds (0d 0h 0m 0s)

---------------  T H R E A D  ---------------

Current thread (0x00000137bb58cda0):  JavaThread "C2 CompilerThread1" daemon [_thread_in_native, id=6580, stack(0x0000001789300000,0x0000001789400000) (1024K)]


Current CompileTask:
C2:750 1454       4       java.util.regex.Pattern::compile (537 bytes)

Stack: [0x0000001789300000,0x0000001789400000]
Native frames: (J=compiled Java code, j=interpreted, Vv=VM code, C=native code)
V  [jvm.dll+0x741329]  (no source info available)
V  [jvm.dll+0x97e243]  (no source info available)
V  [jvm.dll+0x98056d]  (no source info available)
V  [jvm.dll+0x980be3]  (no source info available)
V  [jvm.dll+0x2b5a76]  (no source info available)
V  [jvm.dll+0xd00af]  (no source info available)
V  [jvm.dll+0xd030f]  (no source info available)
V  [jvm.dll+0x15b85f]  (no source info available)
V  [jvm.dll+0x746bef]  (no source info available)
V  [jvm.dll+0x27a478]  (no source info available)
V  [jvm.dll+0x279591]  (no source info available)
V  [jvm.dll+0x1f30fa]  (no source info available)
V  [jvm.dll+0x288d95]  (no source info available)
V  [jvm.dll+0x28702a]  (no source info available)
V  [jvm.dll+0x43e016]  (no source info available)
V  [jvm.dll+0x920c78]  (no source info available)
V  [jvm.dll+0x73fab5]  (no source info available)
C  [ucrtbase.dll+0x29333]  (no source info available)
C  [KERNEL32.DLL+0x1257d]  (no source info available)
C  [ntdll.dll+0x5af08]  (no source info available)

Lock stack of current Java thread (top to bottom):


---------------  P R O C E S S  ---------------

Threads class SMR info:
_java_thread_list=0x00000137fd642db0, length=13, elements={
0x000001379bab9f60, 0x00000137bb54c4e0, 0x00000137bb54d180, 0x00000137bb555770,
0x00000137bb5583b0, 0x00000137bb55aef0, 0x00000137bb55f020, 0x00000137bb5655c0,
0x00000137bb58be80, 0x00000137bb7d0e10, 0x00000137bb880b50, 0x00000137bb58cda0,
0x00000137bb58dcc0
}

Java Threads: ( => current thread )
  0x000001379bab9f60 JavaThread "main"                              [_thread_blocked, id=23420, stack(0x0000001787a00000,0x0000001787b00000) (1024K)]
  0x00000137bb54c4e0 JavaThread "Reference Handler"          daemon [_thread_blocked, id=17796, stack(0x0000001788200000,0x0000001788300000) (1024K)]
  0x00000137bb54d180 JavaThread "Finalizer"                  daemon [_thread_blocked, id=13260, stack(0x0000001788300000,0x0000001788400000) (1024K)]
  0x00000137bb555770 JavaThread "Signal Dispatcher"          daemon [_thread_blocked, id=7504, stack(0x0000001788400000,0x0000001788500000) (1024K)]
  0x00000137bb5583b0 JavaThread "Attach Listener"            daemon [_thread_blocked, id=23560, stack(0x0000001788500000,0x0000001788600000) (1024K)]
  0x00000137bb55aef0 JavaThread "Service Thread"             daemon [_thread_blocked, id=16772, stack(0x0000001788600000,0x0000001788700000) (1024K)]
  0x00000137bb55f020 JavaThread "Monitor Deflation Thread"   daemon [_thread_blocked, id=13840, stack(0x0000001788700000,0x0000001788800000) (1024K)]
  0x00000137bb5655c0 JavaThread "C2 CompilerThread0"         daemon [_thread_in_native, id=13060, stack(0x0000001788800000,0x0000001788900000) (1024K)]
  0x00000137bb58be80 JavaThread "C1 CompilerThread0"         daemon [_thread_blocked, id=632, stack(0x0000001788900000,0x0000001788a00000) (1024K)]
  0x00000137bb7d0e10 JavaThread "Notification Thread"        daemon [_thread_blocked, id=19032, stack(0x0000001788a00000,0x0000001788b00000) (1024K)]
  0x00000137bb880b50 JavaThread "Common-Cleaner"             daemon [_thread_blocked, id=22216, stack(0x0000001788b00000,0x0000001788c00000) (1024K)]
=>0x00000137bb58cda0 JavaThread "C2 CompilerThread1"         daemon [_thread_in_native, id=6580, stack(0x0000001789300000,0x0000001789400000) (1024K)]
  0x00000137bb58dcc0 JavaThread "C2 CompilerThread2"         daemon [_thread_in_native, id=17088, stack(0x0000001789400000,0x0000001789500000) (1024K)]
Total: 13

Other Threads:
  0x00000137bb53dc50 VMThread "VM Thread"                           [id=14868, stack(0x0000001788100000,0x0000001788200000) (1024K)]
  0x00000137bb52f0f0 WatcherThread "VM Periodic Task Thread"        [id=23936, stack(0x0000001788000000,0x0000001788100000) (1024K)]
  0x000001379bb24c70 WorkerThread "GC Thread#0"                     [id=22092, stack(0x0000001787b00000,0x0000001787c00000) (1024K)]
  0x00000137fd46fd90 WorkerThread "GC Thread#1"                     [id=18780, stack(0x0000001788c00000,0x0000001788d00000) (1024K)]
  0x00000137fd4809c0 WorkerThread "GC Thread#2"                     [id=7396, stack(0x0000001788d00000,0x0000001788e00000) (1024K)]
  0x00000137fd481180 WorkerThread "GC Thread#3"                     [id=11648, stack(0x0000001788e00000,0x0000001788f00000) (1024K)]
  0x00000137fd56f290 WorkerThread "GC Thread#4"                     [id=12404, stack(0x0000001788f00000,0x0000001789000000) (1024K)]
  0x00000137fd630070 WorkerThread "GC Thread#5"                     [id=17668, stack(0x0000001789200000,0x0000001789300000) (1024K)]
  0x000001379bb39660 ConcurrentGCThread "G1 Main Marker"            [id=4280, stack(0x0000001787c00000,0x0000001787d00000) (1024K)]
  0x000001379bb3a170 WorkerThread "G1 Conc#0"                       [id=17876, stack(0x0000001787d00000,0x0000001787e00000) (1024K)]
  0x00000137fd600a10 WorkerThread "G1 Conc#1"                       [id=9300, stack(0x0000001789000000,0x0000001789100000) (1024K)]
  0x00000137fd601f80 WorkerThread "G1 Conc#2"                       [id=19548, stack(0x0000001789100000,0x0000001789200000) (1024K)]
  0x000001379bb6c230 ConcurrentGCThread "G1 Refine#0"               [id=15828, stack(0x0000001787e00000,0x0000001787f00000) (1024K)]
  0x000001379bb6cdb0 ConcurrentGCThread "G1 Service"                [id=9564, stack(0x0000001787f00000,0x0000001788000000) (1024K)]
Total: 14

Threads with active compile tasks:
C2 CompilerThread0  781 1361       4       jdk.internal.jimage.ImageLocation::getFullName (109 bytes)
C1 CompilerThread0  781 1548   !   3       com.sun.tools.javac.jvm.ClassReader::readMethod (555 bytes)
C2 CompilerThread1  781 1454       4       java.util.regex.Pattern::compile (537 bytes)
C2 CompilerThread2  781 1456       4       java.util.regex.Pattern::atom (422 bytes)
Total: 4

VM state: at safepoint (normal execution)

VM Mutex/Monitor currently owned by a thread:  ([mutex/lock_event])
[0x00007ffa58795048] Threads_lock - owner thread: 0x00000137bb53dc50
[0x00007ffa58795148] Heap_lock - owner thread: 0x000001379bab9f60

Heap address: 0x0000000705800000, size: 4008 MB, Compressed Oops mode: Zero based, Oop shift amount: 3

CDS archive(s) mapped at: [0x00000137bc000000-0x00000137bcd40000-0x00000137bcd40000), size 13893632, SharedBaseAddress: 0x00000137bc000000, ArchiveRelocationMode: 1.
Compressed class space mapped at: 0x00000137bd000000-0x00000137fd000000, reserved size: 1073741824
UseCompressedClassPointers 1, UseCompactObjectHeaders 0
Narrow klass pointer bits 32, Max shift 3
Narrow klass base: 0x00000137bc000000, Narrow klass shift: 0
Encoding Range: [0x00000137bc000000 - 0x00000138bc000000), (4294967296 bytes)
Klass Range:    [0x00000137bc000000 - 0x00000137fd000000), (1090519040 bytes)
Klass ID Range:  [8 - 1090519033) (1090519025)

GC Precious Log:
 CardTable entry size: 512
 Card Set container configuration: InlinePtr #cards 4 size 8 Array Of Cards #cards 16 size 48 Howl #buckets 8 coarsen threshold 3686 Howl Bitmap #cards 512 size 80 coarsen threshold 460 Card regions per heap region 1 cards per card region 4096
 CPUs: 12 total, 12 available
 Memory: 16027M
 Large Page Support: Disabled
 NUMA Support: Disabled
 Compressed Oops: Enabled (Zero based)
 Heap Region Size: 2M
 Heap Min Capacity: 8M
 Heap Initial Capacity: 8M
 Heap Max Capacity: 4008M
 Pre-touch: Disabled
 Parallel Workers: 10
 Concurrent Workers: 3
 Concurrent Refinement Workers: 10
 Periodic GC: Disabled

Heap:
 garbage-first heap   total reserved 4104192K, committed 20480K, used 13165K [0x0000000705800000, 0x0000000800000000)
  region size 2048K, 4 young (8192K), 1 survivors (2048K)
 Metaspace       used 9246K, committed 9472K, reserved 1114112K
  class space    used 918K, committed 1024K, reserved 1048576K

Heap Regions: E=young(eden), S=young(survivor), O=old, HS=humongous(starts), HC=humongous(continues), CS=collection set, F=free, TAMS=top-at-mark-start, PB=parsable bottom
|   0|0x0000000705800000, 0x0000000705a00000, 0x0000000705a00000|100%| O|  |TAMS 0x0000000705800000| PB 0x0000000705800000| Untracked |  0
|   1|0x0000000705a00000, 0x0000000705bd8e18, 0x0000000705c00000| 92%| O|  |TAMS 0x0000000705a00000| PB 0x0000000705a00000| Untracked |  0
|   2|0x0000000705c00000, 0x0000000705c00000, 0x0000000705e00000|  0%| F|  |TAMS 0x0000000705c00000| PB 0x0000000705c00000| Untracked |  0
|   3|0x0000000705e00000, 0x0000000705e00000, 0x0000000706000000|  0%| F|  |TAMS 0x0000000705e00000| PB 0x0000000705e00000| Untracked |  0
|   4|0x0000000706000000, 0x0000000706127458, 0x0000000706200000| 57%| S|  |TAMS 0x0000000706000000| PB 0x0000000706000000| Complete |  0
|   5|0x0000000706200000, 0x000000070631bf00, 0x0000000706400000| 55%| E|CS|TAMS 0x0000000706200000| PB 0x0000000706200000| Complete |  0
|   6|0x0000000706400000, 0x00000007065e6988, 0x0000000706600000| 95%| E|CS|TAMS 0x0000000706400000| PB 0x0000000706400000| Complete |  0
|   7|0x0000000706600000, 0x0000000706800000, 0x0000000706800000|100%| E|CS|TAMS 0x0000000706600000| PB 0x0000000706600000| Complete |  0
|2002|0x00000007ffc00000, 0x00000007ffe00000, 0x00000007ffe00000|100%| O|  |TAMS 0x00000007ffc00000| PB 0x00000007ffc00000| Untracked |  0
|2003|0x00000007ffe00000, 0x0000000800000000, 0x0000000800000000|100%| E|CS|TAMS 0x00000007ffe00000| PB 0x00000007ffe00000| Complete |  0

Card table byte_map: [0x00000137b42f0000,0x00000137b4ad0000] _byte_map_base: 0x00000137b0ac4000

Marking Bits: (CMBitMap*) 0x000001379bb25380
 Bits: [0x00000137b4ad0000, 0x00000137b8970000)

Polling page: 0x0000013799920000

Metaspace:

Usage:
  Non-class:      8.13 MB used.
      Class:    918.39 KB used.
       Both:      9.03 MB used.

Virtual space:
  Non-class space:       64.00 MB reserved,       8.25 MB ( 13%) committed,  1 nodes.
      Class space:        1.00 GB reserved,       1.00 MB ( <1%) committed,  1 nodes.
             Both:        1.06 GB reserved,       9.25 MB ( <1%) committed. 

Chunk freelists:
   Non-Class:  5.77 MB
       Class:  14.95 MB
        Both:  20.72 MB

MaxMetaspaceSize: unlimited
CompressedClassSpaceSize: 1.00 GB
Initial GC threshold: 21.00 MB
Current GC threshold: 21.00 MB
CDS: on
 - commit_granule_bytes: 65536.
 - commit_granule_words: 8192.
 - virtual_space_node_default_size: 8388608.
 - enlarge_chunks_in_place: 1.
UseCompressedClassPointers 1, UseCompactObjectHeaders 0
Narrow klass pointer bits 32, Max shift 3
Narrow klass base: 0x00000137bc000000, Narrow klass shift: 0
Encoding Range: [0x00000137bc000000 - 0x00000138bc000000), (4294967296 bytes)
Klass Range:    [0x00000137bc000000 - 0x00000137fd000000), (1090519040 bytes)
Klass ID Range:  [8 - 1090519033) (1090519025)


Internal statistics:

num_allocs_failed_limit: 0.
num_arena_births: 110.
num_arena_deaths: 0.
num_vsnodes_births: 2.
num_vsnodes_deaths: 0.
num_space_committed: 148.
num_space_uncommitted: 0.
num_chunks_returned_to_freelist: 0.
num_chunks_taken_from_freelist: 417.
num_chunk_merges: 0.
num_chunk_splits: 288.
num_chunks_enlarged: 224.
num_inconsistent_stats: 0.

CodeHeap 'non-profiled nmethods': size=120064Kb used=425Kb max_used=425Kb free=119638Kb
 bounds [0x00000137ac080000, 0x00000137ac2f0000, 0x00000137b35c0000]
CodeHeap 'profiled nmethods': size=120000Kb used=2329Kb max_used=2329Kb free=117670Kb
 bounds [0x00000137a45c0000, 0x00000137a4830000, 0x00000137abaf0000]
CodeHeap 'non-nmethods': size=5696Kb used=1323Kb max_used=1346Kb free=4372Kb
 bounds [0x00000137abaf0000, 0x00000137abd60000, 0x00000137ac080000]
CodeCache: size=245760Kb, used=4077Kb, max_used=4100Kb, free=241680Kb
 total_blobs=2011, nmethods=1535, adapters=379, full_count=0
Compilation: enabled, stopped_count=0, restarted_count=0

Compilation events (20 events):
Event: 0.736 Thread 0x00000137bb58be80 nmethod 1464 0x00000137a47e0008 code [0x00000137a47e0140, 0x00000137a47e04c8]
Event: 0.736 Thread 0x00000137bb58be80 1465       3       com.sun.tools.javac.code.Type$ClassType::getTag (4 bytes)
Event: 0.736 Thread 0x00000137bb58be80 nmethod 1465 0x00000137a47e0508 code [0x00000137a47e0620, 0x00000137a47e0730]
Event: 0.739 Thread 0x00000137bb58be80 1472   !   3       com.sun.tools.javac.jvm.ClassReader::classSigToType (530 bytes)
Event: 0.741 Thread 0x00000137bb58be80 nmethod 1472 0x00000137a47e0808 code [0x00000137a47e0b60, 0x00000137a47e2498]
Event: 0.741 Thread 0x00000137bb58be80 1466       3       jdk.internal.util.DecimalDigits::stringSize (47 bytes)
Event: 0.742 Thread 0x00000137bb58be80 nmethod 1466 0x00000137a47e2508 code [0x00000137a47e2620, 0x00000137a47e2850]
Event: 0.742 Thread 0x00000137bb58be80 1470       3       java.util.stream.MatchOps$1MatchSink::accept (44 bytes)
Event: 0.742 Thread 0x00000137bb58be80 nmethod 1470 0x00000137a47e2888 code [0x00000137a47e29a0, 0x00000137a47e2bf8]
Event: 0.742 Thread 0x00000137bb58be80 1467       3       java.lang.StringLatin1::getChars (102 bytes)
Event: 0.742 Thread 0x00000137bb58be80 nmethod 1467 0x00000137a47e2c08 code [0x00000137a47e2d60, 0x00000137a47e3118]
Event: 0.743 Thread 0x00000137bb58be80 1471       1       com.sun.tools.javac.code.Type$ClassType::getEnclosingType (5 bytes)
Event: 0.743 Thread 0x00000137bb58be80 nmethod 1471 0x00000137ac0e9688 code [0x00000137ac0e9780, 0x00000137ac0e9848]
Event: 0.743 Thread 0x00000137bb58be80 1468       3       java.util.stream.StreamOpFlag::combineOpFlags (9 bytes)
Event: 0.743 Thread 0x00000137bb58be80 nmethod 1468 0x00000137a47e3188 code [0x00000137a47e32a0, 0x00000137a47e3448]
Event: 0.743 Thread 0x00000137bb58be80 1469       3       java.util.stream.StreamOpFlag::getMask (30 bytes)
Event: 0.743 Thread 0x00000137bb58be80 nmethod 1469 0x00000137a47e3488 code [0x00000137a47e35a0, 0x00000137a47e3708]
Event: 0.744 Thread 0x00000137bb58be80 1474       3       java.lang.ref.Reference::<init> (7 bytes)
Event: 0.744 Thread 0x00000137bb58be80 nmethod 1474 0x00000137a47e3788 code [0x00000137a47e38c0, 0x00000137a47e3b78]
Event: 0.748 Thread 0x00000137bb58be80 1476   !   3       com.sun.tools.javac.jvm.ClassReader$AttributeReader::accepts (214 bytes)

GC Heap History (16 events):
Event: 0.311 GC heap before
{Heap before GC invocations=0 (full 0):
 garbage-first heap   total reserved 4104192K, committed 10240K, used 5232K [0x0000000705800000, 0x0000000800000000)
  region size 2048K, 2 young (4096K), 0 survivors (0K)
 Metaspace       used 3052K, committed 3136K, reserved 1114112K
  class space    used 289K, committed 320K, reserved 1048576K
}
Event: 0.315 GC heap after
{Heap after GC invocations=1 (full 0):
 garbage-first heap   total reserved 4104192K, committed 10240K, used 2416K [0x0000000705800000, 0x0000000800000000)
  region size 2048K, 1 young (2048K), 1 survivors (2048K)
 Metaspace       used 3052K, committed 3136K, reserved 1114112K
  class space    used 289K, committed 320K, reserved 1048576K
}
Event: 0.427 GC heap before
{Heap before GC invocations=1 (full 0):
 garbage-first heap   total reserved 4104192K, committed 10240K, used 4464K [0x0000000705800000, 0x0000000800000000)
  region size 2048K, 2 young (4096K), 1 survivors (2048K)
 Metaspace       used 5932K, committed 6080K, reserved 1114112K
  class space    used 587K, committed 640K, reserved 1048576K
}
Event: 0.430 GC heap after
{Heap after GC invocations=2 (full 0):
 garbage-first heap   total reserved 4104192K, committed 10240K, used 3024K [0x0000000705800000, 0x0000000800000000)
  region size 2048K, 1 young (2048K), 1 survivors (2048K)
 Metaspace       used 5932K, committed 6080K, reserved 1114112K
  class space    used 587K, committed 640K, reserved 1048576K
}
Event: 0.498 GC heap before
{Heap before GC invocations=2 (full 0):
 garbage-first heap   total reserved 4104192K, committed 10240K, used 5072K [0x0000000705800000, 0x0000000800000000)
  region size 2048K, 2 young (4096K), 1 survivors (2048K)
 Metaspace       used 7770K, committed 8064K, reserved 1114112K
  class space    used 752K, committed 896K, reserved 1048576K
}
Event: 0.500 GC heap after
{Heap after GC invocations=3 (full 0):
 garbage-first heap   total reserved 4104192K, committed 10240K, used 3281K [0x0000000705800000, 0x0000000800000000)
  region size 2048K, 1 young (2048K), 1 survivors (2048K)
 Metaspace       used 7770K, committed 8064K, reserved 1114112K
  class space    used 752K, committed 896K, reserved 1048576K
}
Event: 0.555 GC heap before
{Heap before GC invocations=4 (full 0):
 garbage-first heap   total reserved 4104192K, committed 10240K, used 5329K [0x0000000705800000, 0x0000000800000000)
  region size 2048K, 2 young (4096K), 1 survivors (2048K)
 Metaspace       used 8153K, committed 8384K, reserved 1114112K
  class space    used 790K, committed 896K, reserved 1048576K
}
Event: 0.557 GC heap after
{Heap after GC invocations=5 (full 0):
 garbage-first heap   total reserved 4104192K, committed 10240K, used 3747K [0x0000000705800000, 0x0000000800000000)
  region size 2048K, 1 young (2048K), 1 survivors (2048K)
 Metaspace       used 8153K, committed 8384K, reserved 1114112K
  class space    used 790K, committed 896K, reserved 1048576K
}
Event: 0.588 GC heap before
{Heap before GC invocations=5 (full 0):
 garbage-first heap   total reserved 4104192K, committed 10240K, used 5795K [0x0000000705800000, 0x0000000800000000)
  region size 2048K, 2 young (4096K), 1 survivors (2048K)
 Metaspace       used 8317K, committed 8512K, reserved 1114112K
  class space    used 809K, committed 896K, reserved 1048576K
}
Event: 0.593 GC heap after
{Heap after GC invocations=6 (full 0):
 garbage-first heap   total reserved 4104192K, committed 12288K, used 4126K [0x0000000705800000, 0x0000000800000000)
  region size 2048K, 1 young (2048K), 1 survivors (2048K)
 Metaspace       used 8317K, committed 8512K, reserved 1114112K
  class space    used 809K, committed 896K, reserved 1048576K
}
Event: 0.645 GC heap before
{Heap before GC invocations=6 (full 0):
 garbage-first heap   total reserved 4104192K, committed 12288K, used 6174K [0x0000000705800000, 0x0000000800000000)
  region size 2048K, 2 young (4096K), 1 survivors (2048K)
 Metaspace       used 8934K, committed 9216K, reserved 1114112K
  class space    used 891K, committed 1024K, reserved 1048576K
}
Event: 0.648 GC heap after
{Heap after GC invocations=7 (full 0):
 garbage-first heap   total reserved 4104192K, committed 20480K, used 4847K [0x0000000705800000, 0x0000000800000000)
  region size 2048K, 1 young (2048K), 1 survivors (2048K)
 Metaspace       used 8934K, committed 9216K, reserved 1114112K
  class space    used 891K, committed 1024K, reserved 1048576K
}
Event: 0.693 GC heap before
{Heap before GC invocations=7 (full 0):
 garbage-first heap   total reserved 4104192K, committed 20480K, used 13039K [0x0000000705800000, 0x0000000800000000)
  region size 2048K, 5 young (10240K), 1 survivors (2048K)
 Metaspace       used 9081K, committed 9280K, reserved 1114112K
  class space    used 900K, committed 1024K, reserved 1048576K
}
Event: 0.697 GC heap after
{Heap after GC invocations=8 (full 0):
 garbage-first heap   total reserved 4104192K, committed 20480K, used 6086K [0x0000000705800000, 0x0000000800000000)
  region size 2048K, 1 young (2048K), 1 survivors (2048K)
 Metaspace       used 9081K, committed 9280K, reserved 1114112K
  class space    used 900K, committed 1024K, reserved 1048576K
}
Event: 0.729 GC heap before
{Heap before GC invocations=8 (full 0):
 garbage-first heap   total reserved 4104192K, committed 20480K, used 12230K [0x0000000705800000, 0x0000000800000000)
  region size 2048K, 4 young (8192K), 1 survivors (2048K)
 Metaspace       used 9146K, committed 9344K, reserved 1114112K
  class space    used 908K, committed 1024K, reserved 1048576K
}
Event: 0.732 GC heap after
{Heap after GC invocations=9 (full 0):
 garbage-first heap   total reserved 4104192K, committed 20480K, used 7123K [0x0000000705800000, 0x0000000800000000)
  region size 2048K, 1 young (2048K), 1 survivors (2048K)
 Metaspace       used 9146K, committed 9344K, reserved 1114112K
  class space    used 908K, committed 1024K, reserved 1048576K
}

Dll operation events (6 events):
Event: 0.008 Loaded shared library E:\Apache NetBeans\jdk\bin\java.dll
Event: 0.045 Loaded shared library E:\Apache NetBeans\jdk\bin\jsvml.dll
Event: 0.117 Loaded shared library E:\Apache NetBeans\jdk\bin\jimage.dll
Event: 0.220 Loaded shared library E:\Apache NetBeans\jdk\bin\net.dll
Event: 0.222 Loaded shared library E:\Apache NetBeans\jdk\bin\nio.dll
Event: 0.265 Loaded shared library E:\Apache NetBeans\jdk\bin\zip.dll

Deoptimization events (20 events):
Event: 0.607 Thread 0x000001379bab9f60 Uncommon trap: trap_request=0xffffffde fr.pc=0x00000137ac0bba34 relative=0x0000000000000354
Event: 0.607 Thread 0x000001379bab9f60 Uncommon trap: reason=class_check action=maybe_recompile pc=0x00000137ac0bba34 method=java.util.HashMap.getNode(Ljava/lang/Object;)Ljava/util/HashMap$Node; @ 128 c2
Event: 0.607 Thread 0x000001379bab9f60 DEOPT PACKING pc=0x00000137ac0bba34 sp=0x0000001787afe460
Event: 0.607 Thread 0x000001379bab9f60 DEOPT UNPACKING pc=0x00000137abc04c02 sp=0x0000001787afe3c8 mode 2
Event: 0.623 Thread 0x000001379bab9f60 Uncommon trap: trap_request=0xffffffde fr.pc=0x00000137ac0bba34 relative=0x0000000000000354
Event: 0.623 Thread 0x000001379bab9f60 Uncommon trap: reason=class_check action=maybe_recompile pc=0x00000137ac0bba34 method=java.util.HashMap.getNode(Ljava/lang/Object;)Ljava/util/HashMap$Node; @ 128 c2
Event: 0.623 Thread 0x000001379bab9f60 DEOPT PACKING pc=0x00000137ac0bba34 sp=0x0000001787afe460
Event: 0.623 Thread 0x000001379bab9f60 DEOPT UNPACKING pc=0x00000137abc04c02 sp=0x0000001787afe3c8 mode 2
Event: 0.623 Thread 0x000001379bab9f60 Uncommon trap: trap_request=0xffffffc6 fr.pc=0x00000137ac0bba58 relative=0x0000000000000378
Event: 0.623 Thread 0x000001379bab9f60 Uncommon trap: reason=bimorphic_or_optimized_type_check action=maybe_recompile pc=0x00000137ac0bba58 method=java.util.HashMap.getNode(Ljava/lang/Object;)Ljava/util/HashMap$Node; @ 63 c2
Event: 0.623 Thread 0x000001379bab9f60 DEOPT PACKING pc=0x00000137ac0bba58 sp=0x0000001787afe460
Event: 0.623 Thread 0x000001379bab9f60 DEOPT UNPACKING pc=0x00000137abc04c02 sp=0x0000001787afe3c8 mode 2
Event: 0.679 Thread 0x000001379bab9f60 Uncommon trap: trap_request=0xffffffc6 fr.pc=0x00000137ac0d94bc relative=0x00000000000004dc
Event: 0.679 Thread 0x000001379bab9f60 Uncommon trap: reason=bimorphic_or_optimized_type_check action=maybe_recompile pc=0x00000137ac0d94bc method=java.util.HashMap.getNode(Ljava/lang/Object;)Ljava/util/HashMap$Node; @ 128 c2
Event: 0.679 Thread 0x000001379bab9f60 DEOPT PACKING pc=0x00000137ac0d94bc sp=0x0000001787afe5c0
Event: 0.679 Thread 0x000001379bab9f60 DEOPT UNPACKING pc=0x00000137abc04c02 sp=0x0000001787afe4d8 mode 2
Event: 0.734 Thread 0x000001379bab9f60 Uncommon trap: trap_request=0xffffff4d fr.pc=0x00000137ac0c9758 relative=0x0000000000000058
Event: 0.734 Thread 0x000001379bab9f60 Uncommon trap: reason=unstable_if action=reinterpret pc=0x00000137ac0c9758 method=com.sun.tools.javac.jvm.PoolReader.sizeof(I)I @ 1 c2
Event: 0.734 Thread 0x000001379bab9f60 DEOPT PACKING pc=0x00000137ac0c9758 sp=0x0000001787afe550
Event: 0.734 Thread 0x000001379bab9f60 DEOPT UNPACKING pc=0x00000137abc04c02 sp=0x0000001787afe4e0 mode 2

Classes loaded (20 events):
Event: 0.619 Loading class java/time/zone/ZoneOffsetTransitionRule$TimeDefinition
Event: 0.619 Loading class java/time/zone/ZoneOffsetTransitionRule$TimeDefinition done
Event: 0.619 Loading class java/time/zone/ZoneOffsetTransition
Event: 0.619 Loading class java/time/zone/ZoneOffsetTransition done
Event: 0.619 Loading class java/time/Year
Event: 0.619 Loading class java/time/Year done
Event: 0.626 Loading class java/io/EOFException
Event: 0.626 Loading class java/io/EOFException done
Event: 0.629 Loading class java/util/ComparableTimSort
Event: 0.630 Loading class java/util/ComparableTimSort done
Event: 0.631 Loading class sun/nio/fs/WindowsDirectoryStream
Event: 0.631 Loading class sun/nio/fs/WindowsDirectoryStream done
Event: 0.631 Loading class sun/nio/fs/WindowsDirectoryStream$WindowsDirectoryIterator
Event: 0.631 Loading class sun/nio/fs/WindowsDirectoryStream$WindowsDirectoryIterator done
Event: 0.631 Loading class java/nio/file/Files$2
Event: 0.631 Loading class java/nio/file/Files$2 done
Event: 0.632 Loading class sun/nio/fs/WindowsPath$WindowsPathWithAttributes
Event: 0.632 Loading class sun/nio/fs/WindowsPath$WindowsPathWithAttributes done
Event: 0.636 Loading class java/nio/file/FileTreeWalker$1
Event: 0.636 Loading class java/nio/file/FileTreeWalker$1 done

Classes unloaded (0 events):
No events

Classes redefined (0 events):
No events

Internal exceptions (20 events):
Event: 0.436 Thread 0x000001379bab9f60 Exception <a 'java/lang/NoSuchMethodError'{0x0000000705e47648}: 'int java.lang.invoke.DirectMethodHandle$Holder.invokeStaticInit(java.lang.Object, int, int)'> (0x0000000705e47648) 
thrown [s\src\hotspot\share\interpreter\linkResolver.cpp, line 805]
Event: 0.438 Thread 0x000001379bab9f60 Exception <a 'java/lang/NoSuchMethodError'{0x0000000705e57fd0}: 'int java.lang.invoke.DirectMethodHandle$Holder.invokeStaticInit(java.lang.Object, long, long)'> (0x0000000705e57fd0) 
thrown [s\src\hotspot\share\interpreter\linkResolver.cpp, line 805]
Event: 0.438 Thread 0x000001379bab9f60 Exception <a 'java/lang/NoSuchMethodError'{0x0000000705e68218}: 'int java.lang.invoke.DirectMethodHandle$Holder.invokeStaticInit(java.lang.Object, float, float)'> (0x0000000705e68218) 
thrown [s\src\hotspot\share\interpreter\linkResolver.cpp, line 805]
Event: 0.439 Thread 0x000001379bab9f60 Exception <a 'java/lang/NoSuchMethodError'{0x0000000705e786a8}: 'int java.lang.invoke.DirectMethodHandle$Holder.invokeStaticInit(java.lang.Object, double, double)'> (0x0000000705e786a8) 
thrown [s\src\hotspot\share\interpreter\linkResolver.cpp, line 805]
Event: 0.439 Thread 0x000001379bab9f60 Exception <a 'java/lang/NoSuchMethodError'{0x0000000705e817f0}: 'int java.lang.invoke.DirectMethodHandle$Holder.invokeStatic(java.lang.Object, long)'> (0x0000000705e817f0) 
thrown [s\src\hotspot\share\interpreter\linkResolver.cpp, line 805]
Event: 0.440 Thread 0x000001379bab9f60 Exception <a 'java/lang/NoSuchMethodError'{0x0000000705e9aa78}: 'java.lang.Object java.lang.invoke.DirectMethodHandle$Holder.invokeStatic(java.lang.Object, long)'> (0x0000000705e9aa78) 
thrown [s\src\hotspot\share\interpreter\linkResolver.cpp, line 805]
Event: 0.441 Thread 0x000001379bab9f60 Exception <a 'java/lang/NoSuchMethodError'{0x0000000705ea3050}: 'java.lang.Object java.lang.invoke.DirectMethodHandle$Holder.invokeStatic(java.lang.Object, float)'> (0x0000000705ea3050) 
thrown [s\src\hotspot\share\interpreter\linkResolver.cpp, line 805]
Event: 0.443 Thread 0x000001379bab9f60 Exception <a 'java/lang/NoSuchMethodError'{0x0000000705ee5fd0}: 'int java.lang.invoke.Invokers$Holder.linkToTargetMethod(java.lang.Object, java.lang.Object)'> (0x0000000705ee5fd0) 
thrown [s\src\hotspot\share\interpreter\linkResolver.cpp, line 805]
Event: 0.451 Thread 0x000001379bab9f60 Exception <a 'sun/nio/fs/WindowsException'{0x0000000705f42ec0}> (0x0000000705f42ec0) 
thrown [s\src\hotspot\share\prims\jni.cpp, line 518]
Event: 0.496 Thread 0x000001379bab9f60 Exception <a 'java/lang/NoSuchMethodError'{0x0000000705feb3b0}: 'void java.lang.invoke.DirectMethodHandle$Holder.invokeSpecial(java.lang.Object, java.lang.Object, java.lang.Object, java.lang.Object, java.lang.Object)'> (0x0000000705feb3b0) 
thrown [s\src\hotspot\share\interpreter\linkResolver.cpp, line 805]
Event: 0.521 Thread 0x000001379bab9f60 Exception <a 'java/lang/NoSuchMethodError'{0x0000000705e548c8}: 'java.lang.Object java.lang.invoke.DirectMethodHandle$Holder.invokeStatic(java.lang.Object, int, java.lang.Object)'> (0x0000000705e548c8) 
thrown [s\src\hotspot\share\interpreter\linkResolver.cpp, line 805]
Event: 0.531 Thread 0x000001379bab9f60 Exception <a 'sun/nio/fs/WindowsException'{0x0000000705ee3470}> (0x0000000705ee3470) 
thrown [s\src\hotspot\share\prims\jni.cpp, line 518]
Event: 0.531 Thread 0x000001379bab9f60 Exception <a 'sun/nio/fs/WindowsException'{0x0000000705ee3df0}> (0x0000000705ee3df0) 
thrown [s\src\hotspot\share\prims\jni.cpp, line 518]
Event: 0.553 Thread 0x000001379bab9f60 Exception <a 'java/lang/NoSuchMethodError'{0x0000000705fd8c00}: 'java.lang.Object java.lang.invoke.DirectMethodHandle$Holder.invokeVirtual(java.lang.Object, java.lang.Object, int)'> (0x0000000705fd8c00) 
thrown [s\src\hotspot\share\interpreter\linkResolver.cpp, line 805]
Event: 0.629 Thread 0x000001379bab9f60 Exception <a 'java/lang/NoSuchMethodError'{0x00000007ffeef778}: 'void java.lang.invoke.DirectMethodHandle$Holder.invokeStatic(java.lang.Object, java.lang.Object)'> (0x00000007ffeef778) 
thrown [s\src\hotspot\share\interpreter\linkResolver.cpp, line 805]
Event: 0.677 Thread 0x000001379bab9f60 Exception <a 'sun/nio/fs/WindowsException'{0x0000000706732bb0}> (0x0000000706732bb0) 
thrown [s\src\hotspot\share\prims\jni.cpp, line 518]
Event: 0.678 Thread 0x000001379bab9f60 Exception <a 'sun/nio/fs/WindowsException'{0x0000000706733698}> (0x0000000706733698) 
thrown [s\src\hotspot\share\prims\jni.cpp, line 518]
Event: 0.700 Thread 0x000001379bab9f60 Exception <a 'java/lang/NoSuchMethodError'{0x00000007ffe23d08}: 'java.lang.Object java.lang.invoke.DirectMethodHandle$Holder.invokeVirtual(java.lang.Object, java.lang.Object, java.lang.Object, int, int)'> (0x00000007ffe23d08) 
thrown [s\src\hotspot\share\interpreter\linkResolver.cpp, line 805]
Event: 0.709 Thread 0x000001379bab9f60 Exception <a 'sun/nio/fs/WindowsException'{0x00000007ffe7f038}> (0x00000007ffe7f038) 
thrown [s\src\hotspot\share\prims\jni.cpp, line 518]
Event: 0.709 Thread 0x000001379bab9f60 Exception <a 'sun/nio/fs/WindowsException'{0x00000007ffe7fb20}> (0x00000007ffe7fb20) 
thrown [s\src\hotspot\share\prims\jni.cpp, line 518]

VM Operations (20 events):
Event: 0.498 Executing VM operation: G1CollectForAllocation (G1 Evacuation Pause)
Event: 0.500 Executing VM operation: G1CollectForAllocation (G1 Evacuation Pause) done
Event: 0.504 Executing VM operation: G1PauseRemark
Event: 0.505 Executing VM operation: G1PauseRemark done
Event: 0.507 Executing VM operation: G1PauseCleanup
Event: 0.507 Executing VM operation: G1PauseCleanup done
Event: 0.533 Executing VM operation: HandshakeAllThreads (Deoptimize)
Event: 0.533 Executing VM operation: HandshakeAllThreads (Deoptimize) done
Event: 0.555 Executing VM operation: G1CollectForAllocation (G1 Evacuation Pause)
Event: 0.557 Executing VM operation: G1CollectForAllocation (G1 Evacuation Pause) done
Event: 0.588 Executing VM operation: G1CollectForAllocation (G1 Evacuation Pause)
Event: 0.593 Executing VM operation: G1CollectForAllocation (G1 Evacuation Pause) done
Event: 0.632 Executing VM operation: HandshakeAllThreads (Deoptimize)
Event: 0.633 Executing VM operation: HandshakeAllThreads (Deoptimize) done
Event: 0.645 Executing VM operation: G1CollectForAllocation (G1 Evacuation Pause)
Event: 0.648 Executing VM operation: G1CollectForAllocation (G1 Evacuation Pause) done
Event: 0.693 Executing VM operation: G1CollectForAllocation (G1 Evacuation Pause)
Event: 0.697 Executing VM operation: G1CollectForAllocation (G1 Evacuation Pause) done
Event: 0.729 Executing VM operation: G1CollectForAllocation (G1 Evacuation Pause)
Event: 0.732 Executing VM operation: G1CollectForAllocation (G1 Evacuation Pause) done

Memory protections (0 events):
No events

Nmethod flushes (0 events):
No events

Events (13 events):
Event: 0.024 Thread 0x000001379bab9f60 Thread added: 0x000001379bab9f60
Event: 0.042 Thread 0x000001379bab9f60 Thread added: 0x00000137bb54c4e0
Event: 0.043 Thread 0x000001379bab9f60 Thread added: 0x00000137bb54d180
Event: 0.043 Thread 0x000001379bab9f60 Thread added: 0x00000137bb555770
Event: 0.043 Thread 0x000001379bab9f60 Thread added: 0x00000137bb5583b0
Event: 0.043 Thread 0x000001379bab9f60 Thread added: 0x00000137bb55aef0
Event: 0.043 Thread 0x000001379bab9f60 Thread added: 0x00000137bb55f020
Event: 0.044 Thread 0x000001379bab9f60 Thread added: 0x00000137bb5655c0
Event: 0.044 Thread 0x000001379bab9f60 Thread added: 0x00000137bb58be80
Event: 0.112 Thread 0x000001379bab9f60 Thread added: 0x00000137bb7d0e10
Event: 0.218 Thread 0x000001379bab9f60 Thread added: 0x00000137bb880b50
Event: 0.587 Thread 0x00000137bb58be80 Thread added: 0x00000137bb58cda0
Event: 0.593 Thread 0x00000137bb58cda0 Thread added: 0x00000137bb58dcc0


Dynamic libraries:
0x00007ff67e770000 - 0x00007ff67e778000 	E:\Apache NetBeans\jdk\bin\javac.exe
0x00007ffaf5d10000 - 0x00007ffaf5f27000 	C:\windows\SYSTEM32\ntdll.dll
0x00007ffaf5a40000 - 0x00007ffaf5b04000 	C:\windows\System32\KERNEL32.DLL
0x00007ffaf3160000 - 0x00007ffaf3517000 	C:\windows\System32\KERNELBASE.dll
0x00007ffaf3920000 - 0x00007ffaf3a31000 	C:\windows\System32\ucrtbase.dll
0x00007ffa7dce0000 - 0x00007ffa7dcf6000 	E:\Apache NetBeans\jdk\bin\jli.dll
0x00007ffa7dd60000 - 0x00007ffa7dd7e000 	E:\Apache NetBeans\jdk\bin\VCRUNTIME140.dll
0x00007ffaf3eb0000 - 0x00007ffaf405f000 	C:\windows\System32\USER32.dll
0x00007ffaf3830000 - 0x00007ffaf3856000 	C:\windows\System32\win32u.dll
0x00007ffacf1e0000 - 0x00007ffacf473000 	C:\windows\WinSxS\amd64_microsoft.windows.common-controls_6595b64144ccf1df_6.0.22621.3672_none_2713b9d173822955\COMCTL32.dll
0x00007ffaf4160000 - 0x00007ffaf4189000 	C:\windows\System32\GDI32.dll
0x00007ffaf5020000 - 0x00007ffaf50c7000 	C:\windows\System32\msvcrt.dll
0x00007ffaf3520000 - 0x00007ffaf3638000 	C:\windows\System32\gdi32full.dll
0x00007ffaf3020000 - 0x00007ffaf30ba000 	C:\windows\System32\msvcp_win.dll
0x00007ffaf4110000 - 0x00007ffaf4141000 	C:\windows\System32\IMM32.DLL
0x00007ffae99c0000 - 0x00007ffae99cc000 	E:\Apache NetBeans\jdk\bin\vcruntime140_1.dll
0x00007ffa679c0000 - 0x00007ffa67a4d000 	E:\Apache NetBeans\jdk\bin\msvcp140.dll
0x00007ffa57a00000 - 0x00007ffa5887c000 	E:\Apache NetBeans\jdk\bin\server\jvm.dll
0x00007ffaf5550000 - 0x00007ffaf5602000 	C:\windows\System32\ADVAPI32.dll
0x00007ffaf56c0000 - 0x00007ffaf5768000 	C:\windows\System32\sechost.dll
0x00007ffaf3130000 - 0x00007ffaf3158000 	C:\windows\System32\bcrypt.dll
0x00007ffaf42c0000 - 0x00007ffaf43d4000 	C:\windows\System32\RPCRT4.dll
0x00007ffaf4240000 - 0x00007ffaf42b1000 	C:\windows\System32\WS2_32.dll
0x00007ffaf2e40000 - 0x00007ffaf2e8d000 	C:\windows\SYSTEM32\POWRPROF.dll
0x00007ffae8ad0000 - 0x00007ffae8b04000 	C:\windows\SYSTEM32\WINMM.dll
0x00007ffae3930000 - 0x00007ffae393a000 	C:\windows\SYSTEM32\VERSION.dll
0x00007ffaf2d20000 - 0x00007ffaf2d33000 	C:\windows\SYSTEM32\UMPDC.dll
0x00007ffaf1fd0000 - 0x00007ffaf1fe8000 	C:\windows\SYSTEM32\kernel.appcore.dll
0x00007ffae9770000 - 0x00007ffae977a000 	E:\Apache NetBeans\jdk\bin\jimage.dll
0x00007ffaf06a0000 - 0x00007ffaf08d2000 	C:\windows\SYSTEM32\DBGHELP.DLL
0x00007ffaf3a40000 - 0x00007ffaf3dce000 	C:\windows\System32\combase.dll
0x00007ffaf3dd0000 - 0x00007ffaf3ea7000 	C:\windows\System32\OLEAUT32.dll
0x00007ffacf5d0000 - 0x00007ffacf602000 	C:\windows\SYSTEM32\dbgcore.DLL
0x00007ffaf37b0000 - 0x00007ffaf382b000 	C:\windows\System32\bcryptPrimitives.dll
0x00007ffa7dd00000 - 0x00007ffa7dd1e000 	E:\Apache NetBeans\jdk\bin\java.dll
0x00007ffaf5790000 - 0x00007ffaf5935000 	C:\windows\System32\ole32.dll
0x00007ffaf45b0000 - 0x00007ffaf4e19000 	C:\windows\System32\SHELL32.dll
0x00007ffaf0f40000 - 0x00007ffaf183f000 	C:\windows\SYSTEM32\windows.storage.dll
0x00007ffaf0e00000 - 0x00007ffaf0f3f000 	C:\windows\SYSTEM32\wintypes.dll
0x00007ffaf5940000 - 0x00007ffaf5a39000 	C:\windows\System32\SHCORE.dll
0x00007ffaf4fb0000 - 0x00007ffaf500e000 	C:\windows\System32\shlwapi.dll
0x00007ffaf2f50000 - 0x00007ffaf2f77000 	C:\windows\SYSTEM32\profapi.dll
0x00007ffa63870000 - 0x00007ffa63947000 	E:\Apache NetBeans\jdk\bin\jsvml.dll
0x00007ffac53f0000 - 0x00007ffac5400000 	E:\Apache NetBeans\jdk\bin\net.dll
0x00007ffaf24a0000 - 0x00007ffaf2509000 	C:\windows\system32\mswsock.dll
0x00007ffa77d20000 - 0x00007ffa77d36000 	E:\Apache NetBeans\jdk\bin\nio.dll
0x00007ffa7dcc0000 - 0x00007ffa7dcd7000 	E:\Apache NetBeans\jdk\bin\zip.dll

JVMTI agents: none

dbghelp: loaded successfully - version: 4.0.5 - missing functions: none
symbol engine: initialized successfully - sym options: 0x614 - pdb path: .;E:\Apache NetBeans\jdk\bin;C:\windows\SYSTEM32;C:\windows\WinSxS\amd64_microsoft.windows.common-controls_6595b64144ccf1df_6.0.22621.3672_none_2713b9d173822955;E:\Apache NetBeans\jdk\bin\server

VM Arguments:
jvm_args: -Dapplication.home=E:\Apache NetBeans\jdk --add-modules=ALL-DEFAULT -Xms8m -Djdk.module.main=jdk.compiler 
java_command: jdk.compiler/com.sun.tools.javac.Main -d C:\Users\haidy\OneDrive\Documents\NetBeansProjects\Bank_Managment_System\build\classes -classpath C:\Users\haidy\OneDrive\Documents\NetBeansProjects\Bank_Managment_System\build\classes;C:\Users\haidy\Downloads\jcalendar-0.8.1.zip;C:\Users\haidy\Downloads\jcalendar-0.8.1\jcalendar-0.8.1.jar -sourcepath C:\Users\haidy\OneDrive\Documents\NetBeansProjects\Bank_Managment_System\src -target 21 -encoding UTF-8 -g -processorpath C:\Users\haidy\Downloads\jcalendar-0.8.1.zip;C:\Users\haidy\Downloads\jcalendar-0.8.1\jcalendar-0.8.1.jar;C:\Users\haidy\OneDrive\Documents\NetBeansProjects\Bank_Managment_System\build\empty -s C:\Users\haidy\OneDrive\Documents\NetBeansProjects\Bank_Managment_System\build\generated-sources\ap-source-output -source 21 C:\Users\haidy\OneDrive\Documents\NetBeansProjects\Bank_Managment_System\src\signinpage3.java
java_class_path (initial): <not set>
Launcher Type: SUN_STANDARD

[Global flags]
     intx CICompilerCount                          = 4                                         {product} {ergonomic}
     uint ConcGCThreads                            = 3                                         {product} {ergonomic}
     uint G1ConcRefinementThreads                  = 10                                        {product} {ergonomic}
   size_t G1HeapRegionSize                         = 2097152                                   {product} {ergonomic}
   size_t InitialHeapSize                          = 8388608                                   {product} {command line}
   size_t MarkStackSize                            = 4194304                                   {product} {ergonomic}
   size_t MarkStackSizeMax                         = 536870912                                 {product} {ergonomic}
   size_t MaxHeapSize                              = 4202692608                                {product} {ergonomic}
   size_t MaxNewSize                               = 2520776704                                {product} {ergonomic}
   size_t MinHeapDeltaBytes                        = 2097152                                   {product} {ergonomic}
   size_t MinHeapSize                              = 8388608                                   {product} {command line}
    uintx NonNMethodCodeHeapSize                   = 5832704                                {pd product} {ergonomic}
    uintx NonProfiledCodeHeapSize                  = 122945536                              {pd product} {ergonomic}
    uintx ProfiledCodeHeapSize                     = 122880000                              {pd product} {ergonomic}
    uintx ReservedCodeCacheSize                    = 251658240                              {pd product} {ergonomic}
     bool SegmentedCodeCache                       = true                                      {product} {ergonomic}
   size_t SoftMaxHeapSize                          = 4202692608                             {manageable} {ergonomic}
     bool UseCompressedOops                        = true                           {product lp64_product} {ergonomic}
     bool UseG1GC                                  = true                                      {product} {ergonomic}
     bool UseLargePagesIndividualAllocation        = false                                  {pd product} {ergonomic}

Logging:
Log output configuration:
 #0: stdout all=warning uptime,level,tags foldmultilines=false
 #1: stderr all=off uptime,level,tags foldmultilines=false

Environment Variables:
JAVA_HOME=C:\Program Files\Java\jdk-23
PATH=C:\Program Files\Common Files\Oracle\Java\javapath;C:\windows\system32;C:\windows;C:\windows\System32\Wbem;C:\windows\System32\WindowsPowerShell\v1.0\;C:\windows\System32\OpenSSH\;C:\Program Files\Microsoft SQL Server\150\Tools\Binn\;E:\Program Files\Java\jdk-23\bin;C:\Program Files\MySQL\MySQL Server 8.0\bin;C:\Program Files\MySQL\MySQL Shell 8.0\bin\;C:\Users\haidy\AppData\Local\Microsoft\WindowsApps;E:\flutter_windows_3.27.3-stable\flutter\bin;E:\Microsoft VS Code\bin;C:\Users\haidy\AppData\Local\GitHubDesktop\bin
USERNAME=haidy
OS=Windows_NT
PROCESSOR_IDENTIFIER=Intel64 Family 6 Model 186 Stepping 3, GenuineIntel
TMP=C:\Users\haidy\AppData\Local\Temp
TEMP=C:\Users\haidy\AppData\Local\Temp




Periodic native trim disabled

---------------  S Y S T E M  ---------------

OS:
 Windows 11 , 64 bit Build 22621 (10.0.22621.3958)
OS uptime: 5 days 18:51 hours
Hyper-V role detected

CPU: total 12 (initial active 12) (6 cores per cpu, 2 threads per core) family 6 model 186 stepping 3 microcode 0x4121, cx8, cmov, fxsr, ht, mmx, 3dnowpref, sse, sse2, sse3, ssse3, sse4.1, sse4.2, popcnt, lzcnt, tsc, tscinvbit, avx, avx2, aes, erms, clmul, bmi1, bmi2, adx, sha, fma, vzeroupper, clflush, clflushopt, clwb, hv, serialize, rdtscp, rdpid, fsrm, gfni, f16c, cet_ibt, cet_ss
Processor Information for processor 0
  Max Mhz: 1700, Current Mhz: 1700, Mhz Limit: 1700
Processor Information for processor 1
  Max Mhz: 1700, Current Mhz: 1700, Mhz Limit: 1700
Processor Information for processor 2
  Max Mhz: 1700, Current Mhz: 1700, Mhz Limit: 1700
Processor Information for processor 3
  Max Mhz: 1700, Current Mhz: 1700, Mhz Limit: 1700
Processor Information for processor 4
  Max Mhz: 1700, Current Mhz: 1200, Mhz Limit: 1190
Processor Information for processor 5
  Max Mhz: 1700, Current Mhz: 1200, Mhz Limit: 1190
Processor Information for processor 6
  Max Mhz: 1700, Current Mhz: 1200, Mhz Limit: 1190
Processor Information for processor 7
  Max Mhz: 1700, Current Mhz: 1200, Mhz Limit: 1190
Processor Information for processor 8
  Max Mhz: 1700, Current Mhz: 1200, Mhz Limit: 1190
Processor Information for processor 9
  Max Mhz: 1700, Current Mhz: 1200, Mhz Limit: 1190
Processor Information for processor 10
  Max Mhz: 1700, Current Mhz: 1200, Mhz Limit: 1190
Processor Information for processor 11
  Max Mhz: 1700, Current Mhz: 1200, Mhz Limit: 1190

Memory: 4k page, system-wide physical 16027M (7134M free)
TotalPageFile size 18075M (AvailPageFile size 5M)
current process WorkingSet (physical memory assigned to process): 93M, peak: 93M
current process commit charge ("private bytes"): 130M, peak: 133M

vm_info: OpenJDK 64-Bit Server VM (24.0.2+12) for windows-amd64 JRE (24.0.2+12) (Zulu24.32+13-CA), built on 2025-07-11T12:45:44Z with MS VC++ 17.1 (VS2022)

END.
